<?xml version="1.0" encoding="UTF-8"?>
<testng-results ignored="0" total="1" passed="1" failed="0" skipped="0">
  <reporter-output>
  </reporter-output>
  <suite started-at="2025-03-25T09:46:08 IST" name="Default suite" finished-at="2025-03-25T09:46:41 IST" duration-ms="33673">
    <groups>
      <group name="cucumber">
        <method signature="AbstractTestNGCucumberTests.runScenario(io.cucumber.testng.PickleWrapper,io.cucumber.testng.FeatureWrapper)[pri:0, instance:com.bunnycart.TestRunner.AddProductsNG@78fa769e]" name="runScenario" class="io.cucumber.testng.AbstractTestNGCucumberTests"/>
      </group> <!-- cucumber -->
    </groups>
    <test started-at="2025-03-25T09:46:08 IST" name="Default test" finished-at="2025-03-25T09:46:41 IST" duration-ms="33673">
      <class name="com.bunnycart.TestRunner.AddProductsNG">
        <test-method is-config="true" signature="setUpClass(org.testng.ITestContext)[pri:0, instance:com.bunnycart.TestRunner.AddProductsNG@78fa769e]" started-at="2025-03-25T09:46:08 IST" name="setUpClass" finished-at="2025-03-25T09:46:09 IST" duration-ms="1386" status="PASS">
          <params>
            <param index="0">
              <value>
                <![CDATA[org.testng.TestRunner@4f7be6c8]]>
              </value>
            </param>
          </params>
          <reporter-output>
          </reporter-output>
        </test-method> <!-- setUpClass -->
        <test-method signature="runScenario(io.cucumber.testng.PickleWrapper,io.cucumber.testng.FeatureWrapper)[pri:0, instance:com.bunnycart.TestRunner.AddProductsNG@78fa769e]" started-at="2025-03-25T09:46:09 IST" name="runScenario" description="Runs Cucumber Scenarios" data-provider="scenarios" finished-at="2025-03-25T09:46:41 IST" duration-ms="31915" status="PASS">
          <params>
            <param index="0">
              <value>
                <![CDATA["Add multiple products to the cart after logging in"]]>
              </value>
            </param>
            <param index="1">
              <value>
                <![CDATA["Sign In and Add Multiple Products to Cart"]]>
              </value>
            </param>
          </params>
          <reporter-output>
          </reporter-output>
        </test-method> <!-- runScenario -->
        <test-method is-config="true" signature="tearDownClass()[pri:0, instance:com.bunnycart.TestRunner.AddProductsNG@78fa769e]" started-at="2025-03-25T09:46:41 IST" name="tearDownClass" finished-at="2025-03-25T09:46:41 IST" duration-ms="34" status="PASS">
          <reporter-output>
          </reporter-output>
        </test-method> <!-- tearDownClass -->
      </class> <!-- com.bunnycart.TestRunner.AddProductsNG -->
    </test> <!-- Default test -->
  </suite> <!-- Default suite -->
</testng-results>
